#
# There is insufficient memory for the Java Runtime Environment to continue.
# Native memory allocation (mmap) failed to map 266338304 bytes. Error detail: G1 virtual space
# Possible reasons:
#   The system is out of physical RAM or swap space
#   This process is running with CompressedOops enabled, and the Java Heap may be blocking the growth of the native heap
# Possible solutions:
#   Reduce memory load on the system
#   Increase physical memory or swap space
#   Check if swap backing store is full
#   Decrease Java heap size (-Xmx/-Xms)
#   Decrease number of Java threads
#   Decrease Java thread stack sizes (-Xss)
#   Set larger code cache with -XX:ReservedCodeCacheSize=
#   JVM is running with Zero Based Compressed Oops mode in which the Java heap is
#     placed in the first 32GB address space. The Java Heap base address is the
#     maximum limit for the native heap growth. Please use -XX:HeapBaseMinAddress
#     to set the Java Heap base and to place the Java Heap above 32GB virtual address.
# This output file may be truncated or incomplete.
#
#  Out of Memory Error (os_windows.cpp:3828), pid=8868, tid=15300
#
# JRE version:  (21.0.4+13) (build )
# Java VM: OpenJDK 64-Bit Server VM (21.0.4+13-b509.17, mixed mode, sharing, tiered, compressed oops, compressed class ptrs, g1 gc, windows-amd64)
# No core dump will be written. Minidumps are not enabled by default on client versions of Windows
#

---------------  S U M M A R Y ------------

Command Line: git4idea.http.GitAskPassApp Username for 'https://github.com': 

Host: Intel(R) Core(TM) i7-7820HQ CPU @ 2.90GHz, 8 cores, 15G,  Windows 10 , 64 bit Build 19041 (10.0.19041.5198)
Time: Sun Jan 12 15:17:33 2025 SE Asia Standard Time elapsed time: 0.124666 seconds (0d 0h 0m 0s)

---------------  T H R E A D  ---------------

Current thread (0x0000015736f83400):  JavaThread "Unknown thread" [_thread_in_vm, id=15300, stack(0x0000003ceda00000,0x0000003cedb00000) (1024K)]

Stack: [0x0000003ceda00000,0x0000003cedb00000]
Native frames: (J=compiled Java code, j=interpreted, Vv=VM code, C=native code)
V  [jvm.dll+0x6e36d9]
V  [jvm.dll+0x8c0bd3]
V  [jvm.dll+0x8c312e]
V  [jvm.dll+0x8c3813]
V  [jvm.dll+0x288256]
V  [jvm.dll+0x6dfe65]
V  [jvm.dll+0x6d433a]
V  [jvm.dll+0x36209b]
V  [jvm.dll+0x369c46]
V  [jvm.dll+0x3bbd76]
V  [jvm.dll+0x3bc048]
V  [jvm.dll+0x33485c]
V  [jvm.dll+0x33554b]
V  [jvm.dll+0x888039]
V  [jvm.dll+0x3c8ea8]
V  [jvm.dll+0x8711d8]
V  [jvm.dll+0x45d85e]
V  [jvm.dll+0x45f541]
C  [jli.dll+0x52ab]
C  [ucrtbase.dll+0x21bb2]
C  [KERNEL32.DLL+0x17374]
C  [ntdll.dll+0x4cc91]


---------------  P R O C E S S  ---------------

Threads class SMR info:
_java_thread_list=0x00007ffd9ed82108, length=0, elements={
}

Java Threads: ( => current thread )
Total: 0

Other Threads:
  0x0000015739203750 WorkerThread "GC Thread#0"                     [id=9964, stack(0x0000003cedb00000,0x0000003cedc00000) (1024K)]
  0x0000015739214430 ConcurrentGCThread "G1 Main Marker"            [id=10140, stack(0x0000003cedc00000,0x0000003cedd00000) (1024K)]
  0x00000157392150e0 WorkerThread "G1 Conc#0"                       [id=9524, stack(0x0000003cedd00000,0x0000003cede00000) (1024K)]

[error occurred during error reporting (printing all threads), id 0xc0000005, EXCEPTION_ACCESS_VIOLATION (0xc0000005) at pc=0x00007ffd9e477917]
VM state: not at safepoint (not fully initialized)

VM Mutex/Monitor currently owned by a thread:  ([mutex/lock_event])
[0x00007ffd9edf6a48] Heap_lock - owner thread: 0x0000015736f83400

Heap address: 0x0000000703000000, size: 4048 MB, Compressed Oops mode: Zero based, Oop shift amount: 3

CDS archive(s) mapped at: [0x0000000000000000-0x0000000000000000-0x0000000000000000), size 0, SharedBaseAddress: 0x0000000800000000, ArchiveRelocationMode: 1.
Narrow klass base: 0x0000000000000000, Narrow klass shift: 0, Narrow klass range: 0x0

GC Precious Log:
 CardTable entry size: 512
 Card Set container configuration: InlinePtr #cards 4 size 8 Array Of Cards #cards 16 size 48 Howl #buckets 8 coarsen threshold 3686 Howl Bitmap #cards 512 size 80 coarsen threshold 460 Card regions per heap region 1 cards per card region 4096

Heap:
 garbage-first heap   total 0K, used 0K [0x0000000703000000, 0x0000000800000000)
  region size 2048K, 0 young (0K), 0 survivors (0K)
 Metaspace       used 0K, committed 0K, reserved 0K
  class space    used 0K, committed 0K, reserved 0K

Heap Regions: E=young(eden), S=young(survivor), O=old, HS=humongous(starts), HC=humongous(continues), CS=collection set, F=free, TAMS=top-at-mark-start, PB=parsable bottom

Card table byte_map: [0x000001574cbe0000,0x000001574d3d0000] _byte_map_base: 0x00000157493c8000

Marking Bits: (CMBitMap*) 0x0000015739203e50
 Bits: [0x000001574d3d0000, 0x0000015751310000)

GC Heap History (0 events):
No events

Dll operation events (1 events):
Event: 0.113 Loaded shared library E:\Apps\PHPStorm\PhpStorm 2024.2.3\jbr\bin\java.dll

Deoptimization events (0 events):
No events

Classes loaded (0 events):
No events

Classes unloaded (0 events):
No events

Classes redefined (0 events):
No events

Internal exceptions (0 events):
No events

ZGC Phase Switch (0 events):
No events

VM Operations (0 events):
No events

Memory protections (0 events):
No events

Nmethod flushes (0 events):
No events

Events (0 events):
No events


Dynamic libraries:
0x00007ff628c20000 - 0x00007ff628c2a000 	E:\Apps\PHPStorm\PhpStorm 2024.2.3\jbr\bin\java.exe
0x00007ffdfab90000 - 0x00007ffdfad88000 	C:\Windows\SYSTEM32\ntdll.dll
0x00007ffdf9360000 - 0x00007ffdf9422000 	C:\Windows\System32\KERNEL32.DLL
0x00007ffdf84d0000 - 0x00007ffdf87ce000 	C:\Windows\System32\KERNELBASE.dll
0x00007ffdf83d0000 - 0x00007ffdf84d0000 	C:\Windows\System32\ucrtbase.dll
0x00007ffdf0380000 - 0x00007ffdf0398000 	E:\Apps\PHPStorm\PhpStorm 2024.2.3\jbr\bin\jli.dll
0x00007ffdfa790000 - 0x00007ffdfa92d000 	C:\Windows\System32\USER32.dll
0x00007ffddd8d0000 - 0x00007ffdddb6a000 	C:\Windows\WinSxS\amd64_microsoft.windows.common-controls_6595b64144ccf1df_6.0.19041.4355_none_60b8b9eb71f62e16\COMCTL32.dll
0x00007ffdf82c0000 - 0x00007ffdf82e2000 	C:\Windows\System32\win32u.dll
0x00007ffdfa930000 - 0x00007ffdfa9ce000 	C:\Windows\System32\msvcrt.dll
0x00007ffdf9180000 - 0x00007ffdf91ab000 	C:\Windows\System32\GDI32.dll
0x00007ffdf8820000 - 0x00007ffdf8937000 	C:\Windows\System32\gdi32full.dll
0x00007ffdf89b0000 - 0x00007ffdf8a4d000 	C:\Windows\System32\msvcp_win.dll
0x00007ffdf37d0000 - 0x00007ffdf37eb000 	E:\Apps\PHPStorm\PhpStorm 2024.2.3\jbr\bin\VCRUNTIME140.dll
0x00007ffdf9990000 - 0x00007ffdf99bf000 	C:\Windows\System32\IMM32.DLL
0x00007ffdf37c0000 - 0x00007ffdf37cc000 	E:\Apps\PHPStorm\PhpStorm 2024.2.3\jbr\bin\vcruntime140_1.dll
0x00007ffdcd8d0000 - 0x00007ffdcd95d000 	E:\Apps\PHPStorm\PhpStorm 2024.2.3\jbr\bin\msvcp140.dll
0x00007ffd9e130000 - 0x00007ffd9eee7000 	E:\Apps\PHPStorm\PhpStorm 2024.2.3\jbr\bin\server\jvm.dll
0x00007ffdf97a0000 - 0x00007ffdf9851000 	C:\Windows\System32\ADVAPI32.dll
0x00007ffdfa9d0000 - 0x00007ffdfaa6f000 	C:\Windows\System32\sechost.dll
0x00007ffdf99c0000 - 0x00007ffdf9ae3000 	C:\Windows\System32\RPCRT4.dll
0x00007ffdf83a0000 - 0x00007ffdf83c7000 	C:\Windows\System32\bcrypt.dll
0x00007ffdf9910000 - 0x00007ffdf997b000 	C:\Windows\System32\WS2_32.dll
0x00007ffdf7770000 - 0x00007ffdf77bb000 	C:\Windows\SYSTEM32\POWRPROF.dll
0x00007ffde53b0000 - 0x00007ffde53d7000 	C:\Windows\SYSTEM32\WINMM.dll
0x00007ffdf1690000 - 0x00007ffdf169a000 	C:\Windows\SYSTEM32\VERSION.dll
0x00007ffdf7630000 - 0x00007ffdf7642000 	C:\Windows\SYSTEM32\UMPDC.dll
0x00007ffdf6a50000 - 0x00007ffdf6a62000 	C:\Windows\SYSTEM32\kernel.appcore.dll
0x00007ffdf37b0000 - 0x00007ffdf37ba000 	E:\Apps\PHPStorm\PhpStorm 2024.2.3\jbr\bin\jimage.dll
0x00007ffdf2da0000 - 0x00007ffdf2f84000 	C:\Windows\SYSTEM32\DBGHELP.DLL
0x00007ffde1eb0000 - 0x00007ffde1ee4000 	C:\Windows\SYSTEM32\dbgcore.DLL
0x00007ffdf8230000 - 0x00007ffdf82b2000 	C:\Windows\System32\bcryptPrimitives.dll
0x00007ffdf3790000 - 0x00007ffdf37af000 	E:\Apps\PHPStorm\PhpStorm 2024.2.3\jbr\bin\java.dll

dbghelp: loaded successfully - version: 4.0.5 - missing functions: none
symbol engine: initialized successfully - sym options: 0x614 - pdb path: .;E:\Apps\PHPStorm\PhpStorm 2024.2.3\jbr\bin;C:\Windows\SYSTEM32;C:\Windows\WinSxS\amd64_microsoft.windows.common-controls_6595b64144ccf1df_6.0.19041.4355_none_60b8b9eb71f62e16;E:\Apps\PHPStorm\PhpStorm 2024.2.3\jbr\bin\server

VM Arguments:
java_command: git4idea.http.GitAskPassApp Username for 'https://github.com': 
java_class_path (initial): E:/Apps/PHPStorm/PhpStorm 2024.2.3/plugins/vcs-git/lib/git4idea-rt.jar;E:/Apps/PHPStorm/PhpStorm 2024.2.3/lib/externalProcess-rt.jar
Launcher Type: SUN_STANDARD

[Global flags]
     intx CICompilerCount                          = 4                                         {product} {ergonomic}
     uint ConcGCThreads                            = 2                                         {product} {ergonomic}
     uint G1ConcRefinementThreads                  = 8                                         {product} {ergonomic}
   size_t G1HeapRegionSize                         = 2097152                                   {product} {ergonomic}
    uintx GCDrainStackTargetSize                   = 64                                        {product} {ergonomic}
   size_t InitialHeapSize                          = 266338304                                 {product} {ergonomic}
   size_t MarkStackSize                            = 4194304                                   {product} {ergonomic}
   size_t MaxHeapSize                              = 4244635648                                {product} {ergonomic}
   size_t MinHeapDeltaBytes                        = 2097152                                   {product} {ergonomic}
   size_t MinHeapSize                              = 8388608                                   {product} {ergonomic}
    uintx NonNMethodCodeHeapSize                   = 5839372                                {pd product} {ergonomic}
    uintx NonProfiledCodeHeapSize                  = 122909434                              {pd product} {ergonomic}
    uintx ProfiledCodeHeapSize                     = 122909434                              {pd product} {ergonomic}
    uintx ReservedCodeCacheSize                    = 251658240                              {pd product} {ergonomic}
     bool SegmentedCodeCache                       = true                                      {product} {ergonomic}
   size_t SoftMaxHeapSize                          = 4244635648                             {manageable} {ergonomic}
     bool UseCompressedOops                        = true                           {product lp64_product} {ergonomic}
     bool UseG1GC                                  = true                                      {product} {ergonomic}
     bool UseLargePagesIndividualAllocation        = false                                  {pd product} {ergonomic}

Logging:
Log output configuration:
 #0: stdout all=warning uptime,level,tags foldmultilines=false
 #1: stderr all=off uptime,level,tags foldmultilines=false

Environment Variables:
PATH=C:\Program Files\Git\mingw64\libexec\git-core;C:\Program Files\Git\mingw64\libexec\git-core;C:\Program Files\Git\mingw64\bin;C:\Program Files\Git\usr\bin;C:\Users\Thinkpad P51\bin;C:\Python312\Scripts;C:\Python312;C:\Program Files (x86)\Common Files\Oracle\Java\java8path;C:\Program Files (x86)\Common Files\Oracle\Java\javapath;C:\Program Files (x86)\NVIDIA Corporation\PhysX\Common;C:\Windows\system32;C:\Windows;C:\Windows\System32\Wbem;C:\Windows\System32\WindowsPowerShell\v1.0;C:\Windows\System32\OpenSSH;C:\Program Files (x86)\Intel\Intel(R) Management Engine Components\DAL;C:\Program Files\Intel\Intel(R) Management Engine Components\DAL;C:\Program Files\dotnet;C:\xampp\php;E:\xampp\php;C:\ProgramData\ComposerSetup\bin;E:\Apps\nodejs;C:\ProgramData\chocolatey\bin;C:\Program Files\Git\cmd;C:\Program Files\MySQL\MySQL Shell 8.0\bin;C:\Users\Thinkpad P51\AppData\Local\Microsoft\WindowsApps;E:\Apps\New folder\PhpStorm 2023.3.2\bin;C:\Users\Thinkpad P51\.dotnet\tools;C:\Users\Thinkpad P51\AppData\Roaming\Composer\vendor\bin;C:\Users\Thinkpad P51\AppData\Roaming\npm
USERNAME=Thinkpad P51
DISPLAY=:0.0
LC_ALL=en_US.UTF-8
TERM=xterm-256color
TMPDIR=C:\Users\THINKP~1\AppData\Local\Temp
OS=Windows_NT
PROCESSOR_IDENTIFIER=Intel64 Family 6 Model 158 Stepping 9, GenuineIntel
TMP=C:\Users\THINKP~1\AppData\Local\Temp
TEMP=C:\Users\THINKP~1\AppData\Local\Temp




Periodic native trim disabled

JNI global refs:
JNI global refs: 0, weak refs: 0

JNI global refs memory usage: 0, weak refs: 0

Process memory usage:
Resident Set Size: 10876K (0% of 16574596K total physical memory with 1947080K free physical memory)

OOME stack traces (most recent first):
Classloader memory used:

---------------  S Y S T E M  ---------------

OS:
 Windows 10 , 64 bit Build 19041 (10.0.19041.5198)
OS uptime: 0 days 6:03 hours

CPU: total 8 (initial active 8) (4 cores per cpu, 2 threads per core) family 6 model 158 stepping 9 microcode 0xf4, cx8, cmov, fxsr, ht, mmx, 3dnowpref, sse, sse2, sse3, ssse3, sse4.1, sse4.2, popcnt, lzcnt, tsc, tscinvbit, avx, avx2, aes, erms, clmul, bmi1, bmi2, rtm, adx, fma, vzeroupper, clflush, clflushopt, rdtscp, f16c
Processor Information for all 8 processors :
  Max Mhz: 2904, Current Mhz: 2904, Mhz Limit: 2904

Memory: 4k page, system-wide physical 16186M (1901M free)
TotalPageFile size 31335M (AvailPageFile size 201M)
current process WorkingSet (physical memory assigned to process): 10M, peak: 10M
current process commit charge ("private bytes"): 60M, peak: 314M

vm_info: OpenJDK 64-Bit Server VM (21.0.4+13-b509.17) for windows-amd64 JRE (21.0.4+13-b509.17), built on 2024-09-04 by "builduser" with MS VC++ 16.10 / 16.11 (VS2019)

END.
